{"/media/rinzler/Backup/Jobs/J33 - GymKonnect - 30 DEC 17/v2-electron/v2/addons/pdf-template/index.ts": {"path":"/media/rinzler/Backup/Jobs/J33 - GymKonnect - 30 DEC 17/v2-electron/v2/addons/pdf-template/index.ts","statementMap":{"0":{"start":{"line":1,"column":0},"end":{"line":1,"column":23}},"1":{"start":{"line":2,"column":0},"end":{"line":2,"column":25}},"2":{"start":{"line":3,"column":0},"end":{"line":3,"column":41}},"3":{"start":{"line":17,"column":21},"end":{"line":17,"column":38}},"4":{"start":{"line":17,"column":48},"end":{"line":17,"column":64}},"5":{"start":{"line":6,"column":9},"end":{"line":6,"column":null}},"6":{"start":{"line":7,"column":9},"end":{"line":7,"column":null}},"7":{"start":{"line":8,"column":9},"end":{"line":8,"column":null}},"8":{"start":{"line":11,"column":19},"end":{"line":11,"column":62}},"9":{"start":{"line":12,"column":2},"end":{"line":12,"column":null}},"10":{"start":{"line":13,"column":2},"end":{"line":13,"column":null}},"11":{"start":{"line":13,"column":33},"end":{"line":13,"column":53}},"12":{"start":{"line":14,"column":2},"end":{"line":14,"column":null}},"13":{"start":{"line":26,"column":2},"end":{"line":26,"column":null}},"14":{"start":{"line":27,"column":2},"end":{"line":27,"column":null}},"15":{"start":{"line":37,"column":2},"end":{"line":40,"column":null}},"16":{"start":{"line":41,"column":2},"end":{"line":41,"column":null}},"17":{"start":{"line":45,"column":2},"end":{"line":76,"column":null}},"18":{"start":{"line":46,"column":3},"end":{"line":46,"column":null}},"19":{"start":{"line":47,"column":21},"end":{"line":47,"column":123}},"20":{"start":{"line":48,"column":34},"end":{"line":48,"column":36}},"21":{"start":{"line":49,"column":3},"end":{"line":59,"column":null}},"22":{"start":{"line":50,"column":4},"end":{"line":58,"column":null}},"23":{"start":{"line":51,"column":20},"end":{"line":51,"column":45}},"24":{"start":{"line":52,"column":5},"end":{"line":57,"column":null}},"25":{"start":{"line":53,"column":6},"end":{"line":56,"column":null}},"26":{"start":{"line":53,"column":58},"end":{"line":56,"column":8}},"27":{"start":{"line":54,"column":7},"end":{"line":54,"column":null}},"28":{"start":{"line":55,"column":7},"end":{"line":55,"column":null}},"29":{"start":{"line":57,"column":10},"end":{"line":57,"column":null}},"30":{"start":{"line":60,"column":3},"end":{"line":66,"column":null}},"31":{"start":{"line":60,"column":32},"end":{"line":66,"column":6}},"32":{"start":{"line":60,"column":84},"end":{"line":66,"column":5}},"33":{"start":{"line":61,"column":4},"end":{"line":64,"column":null}},"34":{"start":{"line":65,"column":4},"end":{"line":65,"column":null}},"35":{"start":{"line":67,"column":3},"end":{"line":67,"column":null}},"36":{"start":{"line":68,"column":3},"end":{"line":68,"column":33}},"37":{"start":{"line":68,"column":34},"end":{"line":68,"column":null}},"38":{"start":{"line":69,"column":3},"end":{"line":69,"column":30}},"39":{"start":{"line":69,"column":31},"end":{"line":69,"column":null}},"40":{"start":{"line":70,"column":3},"end":{"line":70,"column":null}},"41":{"start":{"line":71,"column":3},"end":{"line":71,"column":null}},"42":{"start":{"line":73,"column":3},"end":{"line":73,"column":null}},"43":{"start":{"line":74,"column":3},"end":{"line":74,"column":null}},"44":{"start":{"line":75,"column":3},"end":{"line":75,"column":null}},"45":{"start":{"line":5,"column":0},"end":{"line":5,"column":21}}},"fnMap":{"0":{"name":"(anonymous_0)","decl":{"start":{"line":17,"column":1},"end":{"line":17,"column":21}},"loc":{"start":{"line":17,"column":64},"end":{"line":17,"column":68}}},"1":{"name":"(anonymous_1)","decl":{"start":{"line":10,"column":14},"end":{"line":10,"column":23}},"loc":{"start":{"line":10,"column":23},"end":{"line":15,"column":null}}},"2":{"name":"(anonymous_3)","decl":{"start":{"line":11,"column":19},"end":{"line":11,"column":32}},"loc":{"start":{"line":11,"column":19},"end":{"line":11,"column":62}}},"3":{"name":"(anonymous_4)","decl":{"start":{"line":13,"column":24},"end":{"line":13,"column":29}},"loc":{"start":{"line":13,"column":33},"end":{"line":13,"column":53}}},"4":{"name":"(anonymous_5)","decl":{"start":{"line":25,"column":8},"end":{"line":25,"column":16}},"loc":{"start":{"line":25,"column":31},"end":{"line":28,"column":2}}},"5":{"name":"(anonymous_6)","decl":{"start":{"line":36,"column":8},"end":{"line":36,"column":20}},"loc":{"start":{"line":36,"column":52},"end":{"line":42,"column":2}}},"6":{"name":"(anonymous_7)","decl":{"start":{"line":44,"column":14},"end":{"line":44,"column":19}},"loc":{"start":{"line":44,"column":19},"end":{"line":77,"column":null}}},"7":{"name":"(anonymous_9)","decl":{"start":{"line":53,"column":32},"end":{"line":53,"column":39}},"loc":{"start":{"line":53,"column":58},"end":{"line":56,"column":8}}},"8":{"name":"(anonymous_10)","decl":{"start":{"line":53,"column":58},"end":{"line":53,"column":null}},"loc":{"start":{"line":53,"column":58},"end":{"line":56,"column":7}}},"9":{"name":"(anonymous_11)","decl":{"start":{"line":60,"column":23},"end":{"line":60,"column":28}},"loc":{"start":{"line":60,"column":32},"end":{"line":66,"column":6}}},"10":{"name":"(anonymous_12)","decl":{"start":{"line":60,"column":58},"end":{"line":60,"column":65}},"loc":{"start":{"line":60,"column":84},"end":{"line":66,"column":5}}},"11":{"name":"(anonymous_13)","decl":{"start":{"line":60,"column":84},"end":{"line":60,"column":null}},"loc":{"start":{"line":60,"column":84},"end":{"line":66,"column":4}}}},"branchMap":{"0":{"loc":{"start":{"line":47,"column":96},"end":{"line":47,"column":117}},"type":"cond-expr","locations":[{"start":{"line":47,"column":96},"end":{"line":47,"column":117}},{"start":{"line":47,"column":120},"end":{"line":47,"column":122}}]},"1":{"loc":{"start":{"line":50,"column":4},"end":{"line":58,"column":null}},"type":"if","locations":[{"start":{"line":50,"column":4},"end":{"line":58,"column":null}},{"start":{"line":50,"column":4},"end":{"line":58,"column":null}}]},"2":{"loc":{"start":{"line":52,"column":5},"end":{"line":57,"column":null}},"type":"if","locations":[{"start":{"line":52,"column":5},"end":{"line":57,"column":null}},{"start":{"line":52,"column":5},"end":{"line":57,"column":null}}]}},"s":{"0":1,"1":1,"2":1,"3":3,"4":3,"5":3,"6":3,"7":3,"8":2,"9":1,"10":1,"11":1,"12":1,"13":1,"14":1,"15":2,"16":2,"17":3,"18":3,"19":3,"20":3,"21":3,"22":3,"23":3,"24":3,"25":3,"26":3,"27":3,"28":3,"29":0,"30":3,"31":1,"32":1,"33":1,"34":1,"35":3,"36":3,"37":3,"38":3,"39":3,"40":3,"41":3,"42":0,"43":0,"44":0,"45":1},"f":{"0":3,"1":1,"2":1,"3":1,"4":1,"5":2,"6":3,"7":3,"8":3,"9":1,"10":1,"11":1},"b":{"0":[3,0],"1":[3,0],"2":[3,0]}}
,"/media/rinzler/Backup/Jobs/J33 - GymKonnect - 30 DEC 17/v2-electron/v2/build/helper.ts": {"path":"/media/rinzler/Backup/Jobs/J33 - GymKonnect - 30 DEC 17/v2-electron/v2/build/helper.ts","statementMap":{"0":{"start":{"line":1,"column":0},"end":{"line":1,"column":25}},"1":{"start":{"line":2,"column":0},"end":{"line":2,"column":29}},"2":{"start":{"line":3,"column":0},"end":{"line":3,"column":23}},"3":{"start":{"line":18,"column":12},"end":{"line":18,"column":14}},"4":{"start":{"line":19,"column":14},"end":{"line":19,"column":19}},"5":{"start":{"line":20,"column":17},"end":{"line":26,"column":5}},"6":{"start":{"line":20,"column":23},"end":{"line":26,"column":5}},"7":{"start":{"line":24,"column":4},"end":{"line":25,"column":null}},"8":{"start":{"line":24,"column":17},"end":{"line":24,"column":null}},"9":{"start":{"line":25,"column":9},"end":{"line":25,"column":null}},"10":{"start":{"line":28,"column":19},"end":{"line":37,"column":3}},"11":{"start":{"line":29,"column":3},"end":{"line":36,"column":null}},"12":{"start":{"line":29,"column":16},"end":{"line":29,"column":null}},"13":{"start":{"line":31,"column":4},"end":{"line":35,"column":null}},"14":{"start":{"line":39,"column":2},"end":{"line":56,"column":null}},"15":{"start":{"line":40,"column":3},"end":{"line":53,"column":null}},"16":{"start":{"line":41,"column":4},"end":{"line":43,"column":null}},"17":{"start":{"line":42,"column":5},"end":{"line":42,"column":null}},"18":{"start":{"line":45,"column":8},"end":{"line":53,"column":null}},"19":{"start":{"line":46,"column":4},"end":{"line":51,"column":null}},"20":{"start":{"line":50,"column":5},"end":{"line":50,"column":null}},"21":{"start":{"line":53,"column":8},"end":{"line":53,"column":null}},"22":{"start":{"line":55,"column":3},"end":{"line":55,"column":null}},"23":{"start":{"line":58,"column":2},"end":{"line":63,"column":null}},"24":{"start":{"line":59,"column":3},"end":{"line":59,"column":null}},"25":{"start":{"line":60,"column":3},"end":{"line":60,"column":null}},"26":{"start":{"line":62,"column":3},"end":{"line":62,"column":null}},"27":{"start":{"line":62,"column":30},"end":{"line":62,"column":null}},"28":{"start":{"line":63,"column":9},"end":{"line":63,"column":null}},"29":{"start":{"line":67,"column":2},"end":{"line":85,"column":null}},"30":{"start":{"line":68,"column":3},"end":{"line":84,"column":null}},"31":{"start":{"line":69,"column":4},"end":{"line":83,"column":null}},"32":{"start":{"line":69,"column":13},"end":{"line":69,"column":null}},"33":{"start":{"line":70,"column":9},"end":{"line":83,"column":null}},"34":{"start":{"line":71,"column":15},"end":{"line":71,"column":17}},"35":{"start":{"line":72,"column":5},"end":{"line":72,"column":null}},"36":{"start":{"line":73,"column":5},"end":{"line":73,"column":null}},"37":{"start":{"line":76,"column":5},"end":{"line":82,"column":null}},"38":{"start":{"line":89,"column":2},"end":{"line":89,"column":null}},"39":{"start":{"line":6,"column":15},"end":{"line":15,"column":null}},"40":{"start":{"line":8,"column":3},"end":{"line":8,"column":null}},"41":{"start":{"line":9,"column":3},"end":{"line":9,"column":null}},"42":{"start":{"line":9,"column":10},"end":{"line":9,"column":null}},"43":{"start":{"line":11,"column":26},"end":{"line":11,"column":90}},"44":{"start":{"line":12,"column":23},"end":{"line":12,"column":86}},"45":{"start":{"line":13,"column":22},"end":{"line":13,"column":43}},"46":{"start":{"line":14,"column":23},"end":{"line":14,"column":73}},"47":{"start":{"line":5,"column":0},"end":{"line":5,"column":21}}},"fnMap":{"0":{"name":"(anonymous_0)","decl":{"start":{"line":17,"column":8},"end":{"line":17,"column":14}},"loc":{"start":{"line":17,"column":97},"end":{"line":64,"column":2}}},"1":{"name":"(anonymous_1)","decl":{"start":{"line":20,"column":17},"end":{"line":20,"column":20}},"loc":{"start":{"line":20,"column":23},"end":{"line":26,"column":5}}},"2":{"name":"(anonymous_2)","decl":{"start":{"line":23,"column":12},"end":{"line":23,"column":16}},"loc":{"start":{"line":23,"column":19},"end":{"line":26,"column":4}}},"3":{"name":"(anonymous_3)","decl":{"start":{"line":28,"column":19},"end":{"line":28,"column":22}},"loc":{"start":{"line":28,"column":24},"end":{"line":37,"column":3}}},"4":{"name":"(anonymous_4)","decl":{"start":{"line":41,"column":17},"end":{"line":41,"column":21}},"loc":{"start":{"line":41,"column":24},"end":{"line":43,"column":5}}},"5":{"name":"(anonymous_5)","decl":{"start":{"line":49,"column":30},"end":{"line":49,"column":34}},"loc":{"start":{"line":49,"column":37},"end":{"line":51,"column":5}}},"6":{"name":"(anonymous_6)","decl":{"start":{"line":66,"column":8},"end":{"line":66,"column":14}},"loc":{"start":{"line":66,"column":49},"end":{"line":86,"column":2}}},"7":{"name":"(anonymous_7)","decl":{"start":{"line":67,"column":21},"end":{"line":67,"column":22}},"loc":{"start":{"line":67,"column":41},"end":{"line":85,"column":3}}},"8":{"name":"(anonymous_8)","decl":{"start":{"line":68,"column":19},"end":{"line":68,"column":20}},"loc":{"start":{"line":68,"column":34},"end":{"line":84,"column":4}}},"9":{"name":"(anonymous_9)","decl":{"start":{"line":88,"column":8},"end":{"line":88,"column":14}},"loc":{"start":{"line":88,"column":34},"end":{"line":90,"column":2}}},"10":{"name":"(anonymous_10)","decl":{"start":{"line":7,"column":9},"end":{"line":7,"column":10}},"loc":{"start":{"line":7,"column":32},"end":{"line":10,"column":3}}},"11":{"name":"(anonymous_11)","decl":{"start":{"line":11,"column":11},"end":{"line":11,"column":12}},"loc":{"start":{"line":11,"column":26},"end":{"line":11,"column":90}}},"12":{"name":"(anonymous_12)","decl":{"start":{"line":12,"column":8},"end":{"line":12,"column":9}},"loc":{"start":{"line":12,"column":23},"end":{"line":12,"column":86}}},"13":{"name":"(anonymous_13)","decl":{"start":{"line":13,"column":7},"end":{"line":13,"column":8}},"loc":{"start":{"line":13,"column":22},"end":{"line":13,"column":43}}},"14":{"name":"(anonymous_14)","decl":{"start":{"line":14,"column":8},"end":{"line":14,"column":9}},"loc":{"start":{"line":14,"column":23},"end":{"line":14,"column":73}}}},"branchMap":{"0":{"loc":{"start":{"line":17,"column":63},"end":{"line":17,"column":71}},"type":"default-arg","locations":[{"start":{"line":17,"column":63},"end":{"line":17,"column":71}}]},"1":{"loc":{"start":{"line":17,"column":92},"end":{"line":17,"column":97}},"type":"default-arg","locations":[{"start":{"line":17,"column":92},"end":{"line":17,"column":97}}]},"2":{"loc":{"start":{"line":24,"column":4},"end":{"line":25,"column":null}},"type":"if","locations":[{"start":{"line":24,"column":4},"end":{"line":25,"column":null}},{"start":{"line":24,"column":4},"end":{"line":25,"column":null}}]},"3":{"loc":{"start":{"line":29,"column":3},"end":{"line":36,"column":null}},"type":"if","locations":[{"start":{"line":29,"column":3},"end":{"line":36,"column":null}},{"start":{"line":29,"column":3},"end":{"line":36,"column":null}}]},"4":{"loc":{"start":{"line":40,"column":3},"end":{"line":53,"column":null}},"type":"if","locations":[{"start":{"line":40,"column":3},"end":{"line":53,"column":null}},{"start":{"line":40,"column":3},"end":{"line":53,"column":null}}]},"5":{"loc":{"start":{"line":45,"column":8},"end":{"line":53,"column":null}},"type":"if","locations":[{"start":{"line":45,"column":8},"end":{"line":53,"column":null}},{"start":{"line":45,"column":8},"end":{"line":53,"column":null}}]},"6":{"loc":{"start":{"line":58,"column":2},"end":{"line":63,"column":null}},"type":"if","locations":[{"start":{"line":58,"column":2},"end":{"line":63,"column":null}},{"start":{"line":58,"column":2},"end":{"line":63,"column":null}}]},"7":{"loc":{"start":{"line":62,"column":3},"end":{"line":62,"column":null}},"type":"if","locations":[{"start":{"line":62,"column":3},"end":{"line":62,"column":null}},{"start":{"line":62,"column":3},"end":{"line":62,"column":null}}]},"8":{"loc":{"start":{"line":69,"column":4},"end":{"line":83,"column":null}},"type":"if","locations":[{"start":{"line":69,"column":4},"end":{"line":83,"column":null}},{"start":{"line":69,"column":4},"end":{"line":83,"column":null}}]},"9":{"loc":{"start":{"line":69,"column":20},"end":{"line":69,"column":29}},"type":"binary-expr","locations":[{"start":{"line":69,"column":20},"end":{"line":69,"column":29}},{"start":{"line":69,"column":33},"end":{"line":69,"column":36}}]},"10":{"loc":{"start":{"line":70,"column":9},"end":{"line":83,"column":null}},"type":"if","locations":[{"start":{"line":70,"column":9},"end":{"line":83,"column":null}},{"start":{"line":70,"column":9},"end":{"line":83,"column":null}}]},"11":{"loc":{"start":{"line":9,"column":3},"end":{"line":9,"column":null}},"type":"if","locations":[{"start":{"line":9,"column":3},"end":{"line":9,"column":null}},{"start":{"line":9,"column":3},"end":{"line":9,"column":null}}]}},"s":{"0":2,"1":2,"2":2,"3":0,"4":0,"5":0,"6":0,"7":0,"8":0,"9":0,"10":0,"11":0,"12":0,"13":0,"14":0,"15":0,"16":0,"17":0,"18":0,"19":0,"20":0,"21":0,"22":0,"23":0,"24":0,"25":0,"26":0,"27":0,"28":0,"29":0,"30":0,"31":0,"32":0,"33":0,"34":0,"35":0,"36":0,"37":0,"38":31,"39":2,"40":0,"41":0,"42":0,"43":0,"44":0,"45":0,"46":0,"47":2},"f":{"0":0,"1":0,"2":0,"3":0,"4":0,"5":0,"6":0,"7":0,"8":0,"9":31,"10":0,"11":0,"12":0,"13":0,"14":0},"b":{"0":[0],"1":[0],"2":[0,0],"3":[0,0],"4":[0,0],"5":[0,0],"6":[0,0],"7":[0,0],"8":[0,0],"9":[0,0],"10":[0,0],"11":[0,0]}}
,"/media/rinzler/Backup/Jobs/J33 - GymKonnect - 30 DEC 17/v2-electron/v2/build/webpack.base.ts": {"path":"/media/rinzler/Backup/Jobs/J33 - GymKonnect - 30 DEC 17/v2-electron/v2/build/webpack.base.ts","statementMap":{"0":{"start":{"line":2,"column":0},"end":{"line":2,"column":58}},"1":{"start":{"line":3,"column":0},"end":{"line":3,"column":44}},"2":{"start":{"line":4,"column":0},"end":{"line":4,"column":48}},"3":{"start":{"line":5,"column":0},"end":{"line":5,"column":34}},"4":{"start":{"line":6,"column":0},"end":{"line":6,"column":38}},"5":{"start":{"line":7,"column":0},"end":{"line":7,"column":29}},"6":{"start":{"line":8,"column":0},"end":{"line":8,"column":39}},"7":{"start":{"line":9,"column":0},"end":{"line":9,"column":30}},"8":{"start":{"line":11,"column":13},"end":{"line":11,"column":null}},"9":{"start":{"line":13,"column":13},"end":{"line":19,"column":null}},"10":{"start":{"line":21,"column":42},"end":{"line":174,"column":null}},"11":{"start":{"line":176,"column":0},"end":{"line":176,"column":null}}},"fnMap":{},"branchMap":{"0":{"loc":{"start":{"line":27,"column":5},"end":{"line":27,"column":34}},"type":"cond-expr","locations":[{"start":{"line":27,"column":5},"end":{"line":27,"column":34}},{"start":{"line":28,"column":5},"end":{"line":28,"column":32}}]}},"s":{"0":2,"1":2,"2":2,"3":2,"4":2,"5":2,"6":2,"7":2,"8":2,"9":2,"10":2,"11":2},"f":{},"b":{"0":[0,2]}}
,"/media/rinzler/Backup/Jobs/J33 - GymKonnect - 30 DEC 17/v2-electron/v2/classes/CONSOLE.ts": {"path":"/media/rinzler/Backup/Jobs/J33 - GymKonnect - 30 DEC 17/v2-electron/v2/classes/CONSOLE.ts","statementMap":{"0":{"start":{"line":1,"column":21},"end":{"line":9,"column":null}},"1":{"start":{"line":8,"column":29},"end":{"line":8,"column":45}},"2":{"start":{"line":12,"column":0},"end":{"line":12,"column":25}},"3":{"start":{"line":13,"column":0},"end":{"line":21,"column":null}},"4":{"start":{"line":20,"column":30},"end":{"line":20,"column":58}},"5":{"start":{"line":40,"column":2},"end":{"line":40,"column":null}},"6":{"start":{"line":43,"column":29},"end":{"line":43,"column":85}},"7":{"start":{"line":44,"column":30},"end":{"line":44,"column":85}},"8":{"start":{"line":45,"column":30},"end":{"line":45,"column":86}},"9":{"start":{"line":46,"column":30},"end":{"line":46,"column":86}},"10":{"start":{"line":47,"column":31},"end":{"line":47,"column":89}},"11":{"start":{"line":49,"column":2},"end":{"line":49,"column":29}},"12":{"start":{"line":49,"column":23},"end":{"line":49,"column":29}},"13":{"start":{"line":50,"column":2},"end":{"line":50,"column":null}},"14":{"start":{"line":53,"column":23},"end":{"line":53,"column":66}},"15":{"start":{"line":30,"column":15},"end":{"line":30,"column":null}},"16":{"start":{"line":29,"column":0},"end":{"line":29,"column":13}}},"fnMap":{"0":{"name":"(anonymous_0)","decl":{"start":{"line":8,"column":9},"end":{"line":8,"column":10}},"loc":{"start":{"line":8,"column":29},"end":{"line":8,"column":45}}},"1":{"name":"(anonymous_1)","decl":{"start":{"line":20,"column":10},"end":{"line":20,"column":11}},"loc":{"start":{"line":20,"column":30},"end":{"line":20,"column":58}}},"2":{"name":"(anonymous_2)","decl":{"start":{"line":39,"column":1},"end":{"line":39,"column":13}},"loc":{"start":{"line":39,"column":27},"end":{"line":41,"column":2}}},"3":{"name":"(anonymous_3)","decl":{"start":{"line":43,"column":8},"end":{"line":43,"column":11}},"loc":{"start":{"line":43,"column":26},"end":{"line":43,"column":86}}},"4":{"name":"(anonymous_4)","decl":{"start":{"line":44,"column":8},"end":{"line":44,"column":12}},"loc":{"start":{"line":44,"column":27},"end":{"line":44,"column":86}}},"5":{"name":"(anonymous_5)","decl":{"start":{"line":45,"column":8},"end":{"line":45,"column":12}},"loc":{"start":{"line":45,"column":27},"end":{"line":45,"column":87}}},"6":{"name":"(anonymous_6)","decl":{"start":{"line":46,"column":8},"end":{"line":46,"column":12}},"loc":{"start":{"line":46,"column":27},"end":{"line":46,"column":87}}},"7":{"name":"(anonymous_7)","decl":{"start":{"line":47,"column":8},"end":{"line":47,"column":13}},"loc":{"start":{"line":47,"column":28},"end":{"line":47,"column":90}}},"8":{"name":"(anonymous_8)","decl":{"start":{"line":48,"column":8},"end":{"line":48,"column":15}},"loc":{"start":{"line":48,"column":30},"end":{"line":51,"column":2}}},"9":{"name":"(anonymous_9)","decl":{"start":{"line":53,"column":1},"end":{"line":53,"column":12}},"loc":{"start":{"line":53,"column":18},"end":{"line":53,"column":67}}}},"branchMap":{"0":{"loc":{"start":{"line":49,"column":2},"end":{"line":49,"column":29}},"type":"if","locations":[{"start":{"line":49,"column":2},"end":{"line":49,"column":29}},{"start":{"line":49,"column":2},"end":{"line":49,"column":29}}]}},"s":{"0":2,"1":0,"2":2,"3":2,"4":12,"5":4,"6":0,"7":3,"8":9,"9":0,"10":0,"11":0,"12":0,"13":0,"14":12,"15":2,"16":2},"f":{"0":0,"1":12,"2":4,"3":0,"4":3,"5":9,"6":0,"7":0,"8":0,"9":12},"b":{"0":[0,0]}}
,"/media/rinzler/Backup/Jobs/J33 - GymKonnect - 30 DEC 17/v2-electron/v2/config/addons.pdf-template.ts": {"path":"/media/rinzler/Backup/Jobs/J33 - GymKonnect - 30 DEC 17/v2-electron/v2/config/addons.pdf-template.ts","statementMap":{"0":{"start":{"line":1,"column":0},"end":{"line":1,"column":23}},"1":{"start":{"line":2,"column":0},"end":{"line":2,"column":46}},"2":{"start":{"line":12,"column":13},"end":{"line":20,"column":null}},"3":{"start":{"line":22,"column":13},"end":{"line":29,"column":null}},"4":{"start":{"line":22,"column":41},"end":{"line":29,"column":null}},"5":{"start":{"line":23,"column":1},"end":{"line":28,"column":null}},"6":{"start":{"line":24,"column":20},"end":{"line":24,"column":64}},"7":{"start":{"line":24,"column":21},"end":{"line":24,"column":55}},"8":{"start":{"line":25,"column":2},"end":{"line":25,"column":null}},"9":{"start":{"line":27,"column":2},"end":{"line":27,"column":null}},"10":{"start":{"line":31,"column":13},"end":{"line":39,"column":null}},"11":{"start":{"line":31,"column":35},"end":{"line":39,"column":null}},"12":{"start":{"line":32,"column":1},"end":{"line":38,"column":null}},"13":{"start":{"line":33,"column":20},"end":{"line":33,"column":64}},"14":{"start":{"line":33,"column":21},"end":{"line":33,"column":55}},"15":{"start":{"line":34,"column":2},"end":{"line":34,"column":null}},"16":{"start":{"line":35,"column":2},"end":{"line":35,"column":null}},"17":{"start":{"line":37,"column":2},"end":{"line":37,"column":null}},"18":{"start":{"line":41,"column":13},"end":{"line":41,"column":null}},"19":{"start":{"line":42,"column":13},"end":{"line":42,"column":null}}},"fnMap":{"0":{"name":"(anonymous_0)","decl":{"start":{"line":22,"column":30},"end":{"line":22,"column":39}},"loc":{"start":{"line":22,"column":41},"end":{"line":29,"column":null}}},"1":{"name":"(anonymous_1)","decl":{"start":{"line":22,"column":41},"end":{"line":22,"column":null}},"loc":{"start":{"line":22,"column":41},"end":{"line":29,"column":1}}},"2":{"name":"(anonymous_2)","decl":{"start":{"line":24,"column":21},"end":{"line":24,"column":34}},"loc":{"start":{"line":24,"column":21},"end":{"line":24,"column":55}}},"3":{"name":"(anonymous_3)","decl":{"start":{"line":31,"column":24},"end":{"line":31,"column":33}},"loc":{"start":{"line":31,"column":35},"end":{"line":39,"column":null}}},"4":{"name":"(anonymous_4)","decl":{"start":{"line":31,"column":35},"end":{"line":31,"column":null}},"loc":{"start":{"line":31,"column":35},"end":{"line":39,"column":1}}},"5":{"name":"(anonymous_5)","decl":{"start":{"line":33,"column":21},"end":{"line":33,"column":34}},"loc":{"start":{"line":33,"column":21},"end":{"line":33,"column":55}}}},"branchMap":{"0":{"loc":{"start":{"line":23,"column":1},"end":{"line":28,"column":null}},"type":"if","locations":[{"start":{"line":23,"column":1},"end":{"line":28,"column":null}},{"start":{"line":23,"column":1},"end":{"line":28,"column":null}}]},"1":{"loc":{"start":{"line":32,"column":1},"end":{"line":38,"column":null}},"type":"if","locations":[{"start":{"line":32,"column":1},"end":{"line":38,"column":null}},{"start":{"line":32,"column":1},"end":{"line":38,"column":null}}]}},"s":{"0":2,"1":2,"2":2,"3":2,"4":0,"5":0,"6":0,"7":0,"8":0,"9":0,"10":2,"11":0,"12":0,"13":0,"14":0,"15":0,"16":0,"17":0,"18":2,"19":2},"f":{"0":0,"1":0,"2":0,"3":0,"4":0,"5":0},"b":{"0":[0,0],"1":[0,0]}}
,"/media/rinzler/Backup/Jobs/J33 - GymKonnect - 30 DEC 17/v2-electron/v2/config/dev.env.js": {"path":"/media/rinzler/Backup/Jobs/J33 - GymKonnect - 30 DEC 17/v2-electron/v2/config/dev.env.js","statementMap":{"0":{"start":{"line":1,"column":12},"end":{"line":1,"column":36}},"1":{"start":{"line":2,"column":14},"end":{"line":2,"column":35}},"2":{"start":{"line":4,"column":0},"end":{"line":6,"column":2}}},"fnMap":{},"branchMap":{},"s":{"0":2,"1":2,"2":2},"f":{},"b":{},"_coverageSchema":"43e27e138ebf9cfc5966b082cf9a028302ed4184","hash":"c4fc3a915c4e52daf1e2d948bd66deda52eb384a"}
,"/media/rinzler/Backup/Jobs/J33 - GymKonnect - 30 DEC 17/v2-electron/v2/config/env.ts": {"path":"/media/rinzler/Backup/Jobs/J33 - GymKonnect - 30 DEC 17/v2-electron/v2/config/env.ts","statementMap":{"0":{"start":{"line":1,"column":0},"end":{"line":1,"column":38}},"1":{"start":{"line":2,"column":0},"end":{"line":2,"column":23}},"2":{"start":{"line":3,"column":0},"end":{"line":3,"column":25}},"3":{"start":{"line":5,"column":16},"end":{"line":5,"column":50}},"4":{"start":{"line":6,"column":19},"end":{"line":19,"column":null}},"5":{"start":{"line":21,"column":0},"end":{"line":23,"column":null}},"6":{"start":{"line":21,"column":28},"end":{"line":23,"column":null}},"7":{"start":{"line":25,"column":31},"end":{"line":33,"column":2}},"8":{"start":{"line":28,"column":3},"end":{"line":28,"column":null}},"9":{"start":{"line":28,"column":23},"end":{"line":28,"column":null}},"10":{"start":{"line":29,"column":3},"end":{"line":29,"column":null}},"11":{"start":{"line":29,"column":22},"end":{"line":29,"column":null}},"12":{"start":{"line":30,"column":3},"end":{"line":30,"column":null}},"13":{"start":{"line":35,"column":0},"end":{"line":35,"column":null}}},"fnMap":{"0":{"name":"(anonymous_0)","decl":{"start":{"line":27,"column":2},"end":{"line":27,"column":11}},"loc":{"start":{"line":27,"column":24},"end":{"line":31,"column":3}}}},"branchMap":{"0":{"loc":{"start":{"line":21,"column":0},"end":{"line":23,"column":null}},"type":"if","locations":[{"start":{"line":21,"column":0},"end":{"line":23,"column":null}},{"start":{"line":21,"column":0},"end":{"line":23,"column":null}}]},"1":{"loc":{"start":{"line":28,"column":3},"end":{"line":28,"column":null}},"type":"if","locations":[{"start":{"line":28,"column":3},"end":{"line":28,"column":null}},{"start":{"line":28,"column":3},"end":{"line":28,"column":null}}]},"2":{"loc":{"start":{"line":29,"column":3},"end":{"line":29,"column":null}},"type":"if","locations":[{"start":{"line":29,"column":3},"end":{"line":29,"column":null}},{"start":{"line":29,"column":3},"end":{"line":29,"column":null}}]}},"s":{"0":2,"1":2,"2":2,"3":2,"4":2,"5":2,"6":0,"7":2,"8":18,"9":16,"10":2,"11":0,"12":2,"13":2},"f":{"0":18},"b":{"0":[0,2],"1":[16,2],"2":[0,2]}}
,"/media/rinzler/Backup/Jobs/J33 - GymKonnect - 30 DEC 17/v2-electron/v2/config/index.ts": {"path":"/media/rinzler/Backup/Jobs/J33 - GymKonnect - 30 DEC 17/v2-electron/v2/config/index.ts","statementMap":{"0":{"start":{"line":4,"column":0},"end":{"line":4,"column":23}},"1":{"start":{"line":6,"column":0},"end":{"line":76,"column":null}}},"fnMap":{},"branchMap":{},"s":{"0":2,"1":2},"f":{},"b":{}}
,"/media/rinzler/Backup/Jobs/J33 - GymKonnect - 30 DEC 17/v2-electron/v2/config/prod.env.js": {"path":"/media/rinzler/Backup/Jobs/J33 - GymKonnect - 30 DEC 17/v2-electron/v2/config/prod.env.js","statementMap":{"0":{"start":{"line":1,"column":0},"end":{"line":3,"column":1}}},"fnMap":{},"branchMap":{},"s":{"0":2},"f":{},"b":{},"_coverageSchema":"43e27e138ebf9cfc5966b082cf9a028302ed4184","hash":"e9213a6aa58d707e3f768d4d9bf12475821e9345"}
,"/media/rinzler/Backup/Jobs/J33 - GymKonnect - 30 DEC 17/v2-electron/v2/config/utils.ts": {"path":"/media/rinzler/Backup/Jobs/J33 - GymKonnect - 30 DEC 17/v2-electron/v2/config/utils.ts","statementMap":{"0":{"start":{"line":1,"column":0},"end":{"line":1,"column":23}},"1":{"start":{"line":2,"column":0},"end":{"line":2,"column":58}},"2":{"start":{"line":3,"column":0},"end":{"line":3,"column":49}},"3":{"start":{"line":4,"column":0},"end":{"line":4,"column":34}},"4":{"start":{"line":6,"column":13},"end":{"line":11,"column":null}},"5":{"start":{"line":7,"column":26},"end":{"line":9,"column":33}},"6":{"start":{"line":10,"column":1},"end":{"line":10,"column":null}},"7":{"start":{"line":13,"column":13},"end":{"line":63,"column":null}},"8":{"start":{"line":14,"column":1},"end":{"line":14,"column":null}},"9":{"start":{"line":16,"column":17},"end":{"line":22,"column":null}},"10":{"start":{"line":30,"column":16},"end":{"line":30,"column":30}},"11":{"start":{"line":31,"column":2},"end":{"line":39,"column":null}},"12":{"start":{"line":32,"column":3},"end":{"line":38,"column":null}},"13":{"start":{"line":43,"column":2},"end":{"line":50,"column":null}},"14":{"start":{"line":44,"column":3},"end":{"line":47,"column":null}},"15":{"start":{"line":50,"column":3},"end":{"line":50,"column":null}},"16":{"start":{"line":54,"column":1},"end":{"line":62,"column":null}},"17":{"start":{"line":66,"column":13},"end":{"line":77,"column":null}},"18":{"start":{"line":67,"column":43},"end":{"line":67,"column":45}},"19":{"start":{"line":68,"column":15},"end":{"line":68,"column":34}},"20":{"start":{"line":69,"column":1},"end":{"line":75,"column":null}},"21":{"start":{"line":70,"column":15},"end":{"line":70,"column":33}},"22":{"start":{"line":71,"column":2},"end":{"line":74,"column":null}},"23":{"start":{"line":76,"column":1},"end":{"line":76,"column":null}}},"fnMap":{"0":{"name":"(anonymous_0)","decl":{"start":{"line":6,"column":26},"end":{"line":6,"column":36}},"loc":{"start":{"line":6,"column":41},"end":{"line":11,"column":1}}},"1":{"name":"(anonymous_1)","decl":{"start":{"line":13,"column":26},"end":{"line":13,"column":36}},"loc":{"start":{"line":13,"column":43},"end":{"line":63,"column":1}}},"2":{"name":"generateLoaders","decl":{"start":{"line":25,"column":10},"end":{"line":25,"column":25}},"loc":{"start":{"line":27,"column":84},"end":{"line":51,"column":2}}},"3":{"name":"(anonymous_3)","decl":{"start":{"line":66,"column":28},"end":{"line":66,"column":38}},"loc":{"start":{"line":66,"column":45},"end":{"line":77,"column":1}}}},"branchMap":{"0":{"loc":{"start":{"line":8,"column":4},"end":{"line":8,"column":35}},"type":"cond-expr","locations":[{"start":{"line":8,"column":4},"end":{"line":8,"column":35}},{"start":{"line":9,"column":4},"end":{"line":9,"column":33}}]},"1":{"loc":{"start":{"line":14,"column":11},"end":{"line":14,"column":18}},"type":"binary-expr","locations":[{"start":{"line":14,"column":11},"end":{"line":14,"column":18}},{"start":{"line":14,"column":22},"end":{"line":14,"column":24}}]},"2":{"loc":{"start":{"line":31,"column":2},"end":{"line":39,"column":null}},"type":"if","locations":[{"start":{"line":31,"column":2},"end":{"line":39,"column":null}},{"start":{"line":31,"column":2},"end":{"line":39,"column":null}}]},"3":{"loc":{"start":{"line":43,"column":2},"end":{"line":50,"column":null}},"type":"if","locations":[{"start":{"line":43,"column":2},"end":{"line":50,"column":null}},{"start":{"line":43,"column":2},"end":{"line":50,"column":null}}]}},"s":{"0":2,"1":2,"2":2,"3":2,"4":2,"5":6,"6":6,"7":2,"8":2,"9":2,"10":14,"11":14,"12":10,"13":14,"14":0,"15":14,"16":2,"17":2,"18":0,"19":0,"20":0,"21":0,"22":0,"23":0},"f":{"0":6,"1":2,"2":14,"3":0},"b":{"0":[0,6],"1":[2,0],"2":[10,4],"3":[0,14]}}
,"/media/rinzler/Backup/Jobs/J33 - GymKonnect - 30 DEC 17/v2-electron/v2/config/vue-loader.ts": {"path":"/media/rinzler/Backup/Jobs/J33 - GymKonnect - 30 DEC 17/v2-electron/v2/config/vue-loader.ts","statementMap":{"0":{"start":{"line":1,"column":0},"end":{"line":1,"column":38}},"1":{"start":{"line":2,"column":0},"end":{"line":2,"column":34}},"2":{"start":{"line":3,"column":21},"end":{"line":3,"column":58}},"3":{"start":{"line":5,"column":0},"end":{"line":25,"column":null}}},"fnMap":{},"branchMap":{"0":{"loc":{"start":{"line":12,"column":6},"end":{"line":12,"column":38}},"type":"cond-expr","locations":[{"start":{"line":12,"column":6},"end":{"line":12,"column":38}},{"start":{"line":13,"column":6},"end":{"line":13,"column":29}}]}},"s":{"0":2,"1":2,"2":2,"3":2},"f":{},"b":{"0":[0,2]}}
}
