TN:
SF:/media/rinzler/Backup/Jobs/J33 - GymKonnect - 30 DEC 17/v2-electron/v2/addons/pdf-template/index.ts
FN:17,(anonymous_0)
FN:10,(anonymous_1)
FN:11,(anonymous_3)
FN:13,(anonymous_4)
FN:25,(anonymous_5)
FN:36,(anonymous_6)
FN:44,(anonymous_7)
FN:53,(anonymous_9)
FN:53,(anonymous_10)
FN:60,(anonymous_11)
FN:60,(anonymous_12)
FN:60,(anonymous_13)
FNF:12
FNH:12
FNDA:3,(anonymous_0)
FNDA:1,(anonymous_1)
FNDA:1,(anonymous_3)
FNDA:1,(anonymous_4)
FNDA:1,(anonymous_5)
FNDA:2,(anonymous_6)
FNDA:3,(anonymous_7)
FNDA:3,(anonymous_9)
FNDA:3,(anonymous_10)
FNDA:1,(anonymous_11)
FNDA:1,(anonymous_12)
FNDA:1,(anonymous_13)
DA:1,1
DA:2,1
DA:3,1
DA:5,1
DA:6,3
DA:7,3
DA:8,3
DA:11,2
DA:12,1
DA:13,1
DA:14,1
DA:17,3
DA:26,1
DA:27,1
DA:37,2
DA:41,2
DA:45,3
DA:46,3
DA:47,3
DA:48,3
DA:49,3
DA:50,3
DA:51,3
DA:52,3
DA:53,3
DA:54,3
DA:55,3
DA:57,0
DA:60,3
DA:61,1
DA:65,1
DA:67,3
DA:68,3
DA:69,3
DA:70,3
DA:71,3
DA:73,0
DA:74,0
DA:75,0
LF:39
LH:35
BRDA:47,0,0,3
BRDA:47,0,1,0
BRDA:50,1,0,3
BRDA:50,1,1,0
BRDA:52,2,0,3
BRDA:52,2,1,0
BRF:6
BRH:3
end_of_record
TN:
SF:/media/rinzler/Backup/Jobs/J33 - GymKonnect - 30 DEC 17/v2-electron/v2/build/helper.ts
FN:17,(anonymous_0)
FN:20,(anonymous_1)
FN:23,(anonymous_2)
FN:28,(anonymous_3)
FN:41,(anonymous_4)
FN:49,(anonymous_5)
FN:66,(anonymous_6)
FN:67,(anonymous_7)
FN:68,(anonymous_8)
FN:88,(anonymous_9)
FN:7,(anonymous_10)
FN:11,(anonymous_11)
FN:12,(anonymous_12)
FN:13,(anonymous_13)
FN:14,(anonymous_14)
FNF:15
FNH:1
FNDA:0,(anonymous_0)
FNDA:0,(anonymous_1)
FNDA:0,(anonymous_2)
FNDA:0,(anonymous_3)
FNDA:0,(anonymous_4)
FNDA:0,(anonymous_5)
FNDA:0,(anonymous_6)
FNDA:0,(anonymous_7)
FNDA:0,(anonymous_8)
FNDA:31,(anonymous_9)
FNDA:0,(anonymous_10)
FNDA:0,(anonymous_11)
FNDA:0,(anonymous_12)
FNDA:0,(anonymous_13)
FNDA:0,(anonymous_14)
DA:1,2
DA:2,2
DA:3,2
DA:5,2
DA:6,2
DA:8,0
DA:9,0
DA:11,0
DA:12,0
DA:13,0
DA:14,0
DA:18,0
DA:19,0
DA:20,0
DA:24,0
DA:25,0
DA:28,0
DA:29,0
DA:31,0
DA:39,0
DA:40,0
DA:41,0
DA:42,0
DA:45,0
DA:46,0
DA:50,0
DA:53,0
DA:55,0
DA:58,0
DA:59,0
DA:60,0
DA:62,0
DA:63,0
DA:67,0
DA:68,0
DA:69,0
DA:70,0
DA:71,0
DA:72,0
DA:73,0
DA:76,0
DA:89,31
LF:42
LH:6
BRDA:17,0,0,0
BRDA:17,1,0,0
BRDA:24,2,0,0
BRDA:24,2,1,0
BRDA:29,3,0,0
BRDA:29,3,1,0
BRDA:40,4,0,0
BRDA:40,4,1,0
BRDA:45,5,0,0
BRDA:45,5,1,0
BRDA:58,6,0,0
BRDA:58,6,1,0
BRDA:62,7,0,0
BRDA:62,7,1,0
BRDA:69,8,0,0
BRDA:69,8,1,0
BRDA:69,9,0,0
BRDA:69,9,1,0
BRDA:70,10,0,0
BRDA:70,10,1,0
BRDA:9,11,0,0
BRDA:9,11,1,0
BRF:22
BRH:0
end_of_record
TN:
SF:/media/rinzler/Backup/Jobs/J33 - GymKonnect - 30 DEC 17/v2-electron/v2/build/webpack.base.ts
FNF:0
FNH:0
DA:2,2
DA:3,2
DA:4,2
DA:5,2
DA:6,2
DA:7,2
DA:8,2
DA:9,2
DA:11,2
DA:13,2
DA:21,2
DA:176,2
LF:12
LH:12
BRDA:27,0,0,0
BRDA:27,0,1,2
BRF:2
BRH:1
end_of_record
TN:
SF:/media/rinzler/Backup/Jobs/J33 - GymKonnect - 30 DEC 17/v2-electron/v2/classes/CONSOLE.ts
FN:8,(anonymous_0)
FN:20,(anonymous_1)
FN:39,(anonymous_2)
FN:43,(anonymous_3)
FN:44,(anonymous_4)
FN:45,(anonymous_5)
FN:46,(anonymous_6)
FN:47,(anonymous_7)
FN:48,(anonymous_8)
FN:53,(anonymous_9)
FNF:10
FNH:5
FNDA:0,(anonymous_0)
FNDA:12,(anonymous_1)
FNDA:4,(anonymous_2)
FNDA:0,(anonymous_3)
FNDA:3,(anonymous_4)
FNDA:9,(anonymous_5)
FNDA:0,(anonymous_6)
FNDA:0,(anonymous_7)
FNDA:0,(anonymous_8)
FNDA:12,(anonymous_9)
DA:1,2
DA:8,0
DA:12,2
DA:13,2
DA:20,12
DA:29,2
DA:30,2
DA:40,4
DA:43,0
DA:44,3
DA:45,9
DA:46,0
DA:47,0
DA:49,0
DA:50,0
DA:53,12
LF:16
LH:10
BRDA:49,0,0,0
BRDA:49,0,1,0
BRF:2
BRH:0
end_of_record
TN:
SF:/media/rinzler/Backup/Jobs/J33 - GymKonnect - 30 DEC 17/v2-electron/v2/config/addons.pdf-template.ts
FN:22,(anonymous_0)
FN:22,(anonymous_1)
FN:24,(anonymous_2)
FN:31,(anonymous_3)
FN:31,(anonymous_4)
FN:33,(anonymous_5)
FNF:6
FNH:0
FNDA:0,(anonymous_0)
FNDA:0,(anonymous_1)
FNDA:0,(anonymous_2)
FNDA:0,(anonymous_3)
FNDA:0,(anonymous_4)
FNDA:0,(anonymous_5)
DA:1,2
DA:2,2
DA:12,2
DA:22,2
DA:23,0
DA:24,0
DA:25,0
DA:27,0
DA:31,2
DA:32,0
DA:33,0
DA:34,0
DA:35,0
DA:37,0
DA:41,2
DA:42,2
LF:16
LH:7
BRDA:23,0,0,0
BRDA:23,0,1,0
BRDA:32,1,0,0
BRDA:32,1,1,0
BRF:4
BRH:0
end_of_record
TN:
SF:/media/rinzler/Backup/Jobs/J33 - GymKonnect - 30 DEC 17/v2-electron/v2/config/dev.env.js
FNF:0
FNH:0
DA:1,2
DA:2,2
DA:4,2
LF:3
LH:3
BRF:0
BRH:0
end_of_record
TN:
SF:/media/rinzler/Backup/Jobs/J33 - GymKonnect - 30 DEC 17/v2-electron/v2/config/env.ts
FN:27,(anonymous_0)
FNF:1
FNH:1
FNDA:18,(anonymous_0)
DA:1,2
DA:2,2
DA:3,2
DA:5,2
DA:6,2
DA:21,2
DA:25,2
DA:28,18
DA:29,2
DA:30,2
DA:35,2
LF:11
LH:11
BRDA:21,0,0,0
BRDA:21,0,1,2
BRDA:28,1,0,16
BRDA:28,1,1,2
BRDA:29,2,0,0
BRDA:29,2,1,2
BRF:6
BRH:4
end_of_record
TN:
SF:/media/rinzler/Backup/Jobs/J33 - GymKonnect - 30 DEC 17/v2-electron/v2/config/index.ts
FNF:0
FNH:0
DA:4,2
DA:6,2
LF:2
LH:2
BRF:0
BRH:0
end_of_record
TN:
SF:/media/rinzler/Backup/Jobs/J33 - GymKonnect - 30 DEC 17/v2-electron/v2/config/prod.env.js
FNF:0
FNH:0
DA:1,2
LF:1
LH:1
BRF:0
BRH:0
end_of_record
TN:
SF:/media/rinzler/Backup/Jobs/J33 - GymKonnect - 30 DEC 17/v2-electron/v2/config/utils.ts
FN:6,(anonymous_0)
FN:13,(anonymous_1)
FN:25,generateLoaders
FN:66,(anonymous_3)
FNF:4
FNH:3
FNDA:6,(anonymous_0)
FNDA:2,(anonymous_1)
FNDA:14,generateLoaders
FNDA:0,(anonymous_3)
DA:1,2
DA:2,2
DA:3,2
DA:4,2
DA:6,2
DA:7,6
DA:10,6
DA:13,2
DA:14,2
DA:16,2
DA:30,14
DA:31,14
DA:32,10
DA:43,14
DA:44,0
DA:50,14
DA:54,2
DA:66,2
DA:67,0
DA:68,0
DA:69,0
DA:70,0
DA:71,0
DA:76,0
LF:24
LH:17
BRDA:8,0,0,0
BRDA:8,0,1,6
BRDA:14,1,0,2
BRDA:14,1,1,0
BRDA:31,2,0,10
BRDA:31,2,1,4
BRDA:43,3,0,0
BRDA:43,3,1,14
BRF:8
BRH:5
end_of_record
TN:
SF:/media/rinzler/Backup/Jobs/J33 - GymKonnect - 30 DEC 17/v2-electron/v2/config/vue-loader.ts
FNF:0
FNH:0
DA:1,2
DA:2,2
DA:3,2
DA:5,2
LF:4
LH:4
BRDA:12,0,0,0
BRDA:12,0,1,2
BRF:2
BRH:1
end_of_record
